1 0177785
0 0186835
1 0191208
0 0191823
1 0192320
0 0192982
1 0193423
0 0194094
1 0195647
0 0196313
1 0196754
0 0197415
1 0197917
0 0198524
1 0199020
0 0199637
1 0200135
0 0200743
1 0201238
0 0201909
1 0203454
0 0204118
1 0205725
0 0206332
1 0206830
0 0207447
1 0209044
0 0209658
1 0211262
0 0211926
1 0213534
0 0214141
1 0215755
0 0216361
1 0217966
0 0218632
1 0219099
0 0219708
1 0220205
0 0220867
1 0221323
0 0221984
1 0223544
0 0224207
1 0224660
0 0225277
1 0225774
0 0226435
1 0226885
0 0227548
1 0227989
0 0228651
1 0230258
0 0230873
1 0232468
0 0233137
1 0234718
0 0235329
1 0235826
0 0236434
1 0238041
0 0238654
1 0240252
0 0240925
1 0242474
0 0243139
1 0244739
0 0245352
1 0285225
0 0294287
1 0296421
0 0297141
1 0392650
0 0401705
1 0403856
0 0404574
1 0500088
0 0509155
1 0511307
0 0511971
1 0607506
0 0616563
1 0618719
0 0619384
1 0714904
0 0723997
1 0726152
0 0726815
1 0822357
0 0831423
1 0833576
0 0834239
1 0929780
0 0938796
1 0941028
0 0941640
1 1037172
0 1046234
1 1048385
0 1048993
