1 0905792
0 0914837
1 0919207
0 0919869
1 0920319
0 0920983
1 0921424
0 0922143
1 0923735
0 0924305
1 0924802
0 0925409
1 0925905
0 0926519
1 0927016
0 0927679
1 0928128
0 0928793
1 0929234
0 0929952
1 0931496
0 0932108
1 0933705
0 0934349
1 0934846
0 0935453
1 0937058
0 0937779
1 0939269
0 0939937
1 0941536
0 0942149
1 0943752
0 0944361
1 0945968
0 0946630
1 0947071
0 0947739
1 0948181
0 0948842
1 0949341
0 0949955
1 0951557
0 0952165
1 0952663
0 0953380
1 0953772
0 0954436
1 0954877
0 0955552
1 0955995
0 0956657
1 0958263
0 0958869
1 0960472
0 0961191
1 0962687
0 0963356
1 0963797
0 0964460
1 0966066
0 0966673
1 0968277
0 0968995
1 0970488
0 0971130
1 0972730
0 0973406
1 1013191
0 1022259
1 1024414
0 1025078
1 1120642
0 1129702
1 1131856
0 1132518
1 1228046
0 1237146
1 1239248
0 1239913
1 1335453
0 1344525
1 1346685
0 1347348
1 1442874
0 1451942
1 1454103
0 1454766
1 1550299
0 1559364
1 1561524
0 1562130
1 1657718
0 1666758
1 1668913
0 1669519
1 1765100
0 1774147
1 1776309
0 1776917
