1 0681388
0 0690371
1 0694748
0 0695415
1 0695868
0 0696534
1 0696978
0 0697651
1 0699201
0 0699873
1 0700316
0 0700981
1 0701426
0 0702096
1 0702540
0 0703203
1 0703652
0 0704318
1 0704818
0 0705436
1 0707043
0 0707660
1 0709267
0 0709879
1 0710378
0 0710988
1 0712597
0 0713211
1 0714817
0 0715464
1 0717071
0 0717685
1 0719299
0 0719909
1 0721520
0 0722130
1 0722629
0 0723247
1 0723745
0 0724410
1 0724855
0 0725525
1 0727082
0 0727748
1 0728192
0 0728862
1 0729307
0 0729972
1 0730415
0 0731085
1 0731584
0 0732193
1 0733803
0 0734413
1 0736022
0 0736639
1 0738245
0 0738914
1 0739357
0 0740022
1 0741577
0 0742244
1 0743798
0 0744467
1 0746072
0 0746692
1 0748299
0 0748913
1 0788781
0 0797813
1 0799977
0 0800586
1 0896168
0 0905252
1 0907412
0 0908022
1 1003611
0 1012676
1 1014788
0 1015455
1 1110992
0 1120059
1 1122232
0 1122843
1 1218413
0 1227488
1 1229657
0 1230270
1 1325819
0 1334891
1 1337058
0 1337667
1 1433229
0 1442322
1 1444447
0 1445116
1 1540643
0 1549712
1 1551826
0 1552492
