1 0156567
0 0165509
1 0169884
0 0170501
1 0171001
0 0171665
1 0172108
0 0172779
1 0174334
0 0174999
1 0175496
0 0176109
1 0176609
0 0177218
1 0177716
0 0178331
1 0178832
0 0179441
1 0179942
0 0180555
1 0182167
0 0182775
1 0184382
0 0184992
1 0185489
0 0186160
1 0187763
0 0188376
1 0189991
0 0190601
1 0192211
0 0192820
1 0194408
0 0195072
1 0196630
0 0197292
1 0197744
0 0198408
1 0198906
0 0199527
1 0199972
0 0200636
1 0202249
0 0202857
1 0203355
0 0203970
1 0204469
0 0205079
1 0205582
0 0206192
1 0206688
0 0207298
1 0208957
0 0209526
1 0211184
0 0211798
1 0213351
0 0214015
1 0214513
0 0215125
1 0216729
0 0217344
1 0219033
0 0219594
1 0221207
0 0221817
1 0223429
0 0224038