1 57874791
0 57883807
1 57888172
0 57888835
1 57889286
0 57889949
1 57890392
0 57891062
1 57892611
0 57893284
1 57893728
0 57894390
1 57894840
0 57895507
1 57895951
0 57896614
1 57897065
0 57897729
1 57898227
0 57898841
1 57900439
0 57901106
1 57902656
0 57903323
1 57903766
0 57904430
1 57906035
0 57906648
1 57908246
0 57908863
1 57910473
0 57911140
1 57912695
0 57913358
1 57914907
0 57915570
1 57916067
0 57916682
1 57917180
0 57917791
1 57918296
0 57918963
1 57920516
0 57921181
1 57921625
0 57922274
1 57922718
0 57923382
1 57923880
0 57924498
1 57924996
0 57925605
1 57927209
0 57927872
1 57929424
0 57930094
1 57931636
0 57932301
1 57932802
0 57933411
1 57935018
0 57935682
1 57937231
0 57937903
1 57939443
0 57940113
1 57941717
0 57942322
1 57982160
0 57991723
1 57993908
0 57994061
1 58089635
0 58098718
1 58100822
0 58101486
1 58197060
0 58206129
1 58208232
0 58208897
1 58304458
0 58313579
1 58315680
0 58316346
1 58411864
0 58421003
1 58423109
0 58423773
1 58519301
0 58528374
1 58530533
0 58531198
1 58626732
0 58635833
1 58637934
0 58638601
1 58734162
0 58743231
1 58745392
0 58746002
1 58841568
0 58850645
1 58852804
0 58853469
1 58949022
0 58958091
1 58960195
0 58960860
1 59056389
0 59065472
1 59067640
0 59068251
1 59163818
0 59172909
1 59175048
0 59175713
1 59271213
0 59280295
1 59282456
0 59283068
1 59378621
0 59387709
1 59389820
0 59390488
1 59486056
0 59495139
1 59497247
0 59497913
1 59593454
0 59602521
1 59604684
0 59605296
1 59700868
0 59709896
1 59712060
0 59712727
1 59808285
0 59817355
1 59819519
0 59820133
1 59915704
0 59924789
1 59926896
0 59927563
1 60023103
0 60032188
1 60034352
0 60034962
1 60130523
0 60139609
1 60141717
0 60142384
1 60237923
0 60247014
1 60249125
0 60249792
1 60345362
0 60354447
1 60356559
0 60357226
1 60452753
0 60461841
1 60463949
0 60464615
1 60560163
0 60569230
1 60571396
0 60572062
1 60667588
0 60676674
1 60678783
0 60679450
1 60774975
0 60784073
1 60786185
0 60786851
1 60882397
0 60891485
1 60893595
0 60894263
1 60989791
0 60998894
1 61001003
0 61001672
1 61097200
0 61106294
1 61108448
0 61109058
1 61204625
0 61213717
1 61215827
0 61216494
1 61312044
0 61321101
1 61323262
0 61323876
1 61419469
0 61428498
1 61430666
0 61431332